# NV_Warning: The legacy Command Line Profiler is deprecated and will be no longer available as of the next major release of the CUDA toolkit. Please use nvprof.
# CUDA_PROFILE_LOG_VERSION 2.0
# CUDA_DEVICE 0 GeForce GTX 680
# CUDA_CONTEXT 1
# TIMESTAMPFACTOR 1409414bc131bcd2
method,gputime,cputime,occupancy
method=[ memcpyHtoD ] gputime=[ 1354.592 ] cputime=[ 1819.884 ] 
method=[ _Z8pass_oneiPii ] gputime=[ 16.192 ] cputime=[ 18.186 ] occupancy=[ 1.000 ] 
method=[ _Z8pass_twoiPii ] gputime=[ 30.944 ] cputime=[ 8.171 ] occupancy=[ 1.000 ] 
method=[ _Z8pass_treiPii ] gputime=[ 419.424 ] cputime=[ 8.443 ] occupancy=[ 1.000 ] 
method=[ _Z8pass_oneiPii ] gputime=[ 14.976 ] cputime=[ 7.441 ] occupancy=[ 1.000 ] 
method=[ _Z8pass_twoiPii ] gputime=[ 30.464 ] cputime=[ 7.455 ] occupancy=[ 1.000 ] 
method=[ _Z8pass_treiPii ] gputime=[ 418.464 ] cputime=[ 7.335 ] occupancy=[ 1.000 ] 
method=[ _Z8pass_oneiPii ] gputime=[ 14.976 ] cputime=[ 8.226 ] occupancy=[ 1.000 ] 
method=[ _Z8pass_twoiPii ] gputime=[ 30.304 ] cputime=[ 8.249 ] occupancy=[ 1.000 ] 
method=[ _Z8pass_treiPii ] gputime=[ 417.920 ] cputime=[ 7.415 ] occupancy=[ 1.000 ] 
method=[ _Z8pass_oneiPii ] gputime=[ 14.944 ] cputime=[ 7.390 ] occupancy=[ 1.000 ] 
method=[ _Z8pass_twoiPii ] gputime=[ 30.464 ] cputime=[ 7.435 ] occupancy=[ 1.000 ] 
method=[ _Z8pass_treiPii ] gputime=[ 417.152 ] cputime=[ 7.292 ] occupancy=[ 1.000 ] 
method=[ _Z8pass_oneiPii ] gputime=[ 14.944 ] cputime=[ 7.329 ] occupancy=[ 1.000 ] 
method=[ _Z8pass_twoiPii ] gputime=[ 30.560 ] cputime=[ 8.088 ] occupancy=[ 1.000 ] 
method=[ _Z8pass_treiPii ] gputime=[ 418.464 ] cputime=[ 7.269 ] occupancy=[ 1.000 ] 
method=[ _Z8pass_oneiPii ] gputime=[ 14.944 ] cputime=[ 7.155 ] occupancy=[ 1.000 ] 
method=[ _Z8pass_twoiPii ] gputime=[ 30.400 ] cputime=[ 7.201 ] occupancy=[ 1.000 ] 
method=[ _Z8pass_treiPii ] gputime=[ 417.248 ] cputime=[ 8.133 ] occupancy=[ 1.000 ] 
method=[ _Z8pass_oneiPii ] gputime=[ 14.944 ] cputime=[ 8.317 ] occupancy=[ 1.000 ] 
method=[ _Z8pass_twoiPii ] gputime=[ 30.624 ] cputime=[ 7.088 ] occupancy=[ 1.000 ] 
method=[ _Z8pass_treiPii ] gputime=[ 417.120 ] cputime=[ 7.495 ] occupancy=[ 1.000 ] 
method=[ _Z8pass_oneiPii ] gputime=[ 14.912 ] cputime=[ 7.581 ] occupancy=[ 1.000 ] 
method=[ _Z8pass_twoiPii ] gputime=[ 30.560 ] cputime=[ 7.538 ] occupancy=[ 1.000 ] 
method=[ _Z8pass_treiPii ] gputime=[ 417.664 ] cputime=[ 7.942 ] occupancy=[ 1.000 ] 
method=[ _Z8pass_oneiPii ] gputime=[ 14.944 ] cputime=[ 7.280 ] occupancy=[ 1.000 ] 
method=[ _Z8pass_twoiPii ] gputime=[ 30.496 ] cputime=[ 7.180 ] occupancy=[ 1.000 ] 
method=[ _Z8pass_treiPii ] gputime=[ 418.880 ] cputime=[ 7.163 ] occupancy=[ 1.000 ] 
method=[ _Z8pass_oneiPii ] gputime=[ 14.944 ] cputime=[ 7.765 ] occupancy=[ 1.000 ] 
method=[ _Z8pass_twoiPii ] gputime=[ 30.752 ] cputime=[ 8.226 ] occupancy=[ 1.000 ] 
method=[ _Z8pass_treiPii ] gputime=[ 418.240 ] cputime=[ 7.313 ] occupancy=[ 1.000 ] 
method=[ _Z8pass_oneiPii ] gputime=[ 14.944 ] cputime=[ 7.503 ] occupancy=[ 1.000 ] 
method=[ _Z8pass_twoiPii ] gputime=[ 30.528 ] cputime=[ 7.278 ] occupancy=[ 1.000 ] 
method=[ _Z8pass_treiPii ] gputime=[ 418.272 ] cputime=[ 7.289 ] occupancy=[ 1.000 ] 
method=[ _Z8pass_oneiPii ] gputime=[ 14.976 ] cputime=[ 7.395 ] occupancy=[ 1.000 ] 
method=[ _Z8pass_twoiPii ] gputime=[ 30.816 ] cputime=[ 8.206 ] occupancy=[ 1.000 ] 
method=[ _Z8pass_treiPii ] gputime=[ 417.184 ] cputime=[ 7.175 ] occupancy=[ 1.000 ] 
method=[ _Z8pass_oneiPii ] gputime=[ 14.976 ] cputime=[ 7.421 ] occupancy=[ 1.000 ] 
method=[ _Z8pass_twoiPii ] gputime=[ 30.432 ] cputime=[ 8.174 ] occupancy=[ 1.000 ] 
method=[ _Z8pass_treiPii ] gputime=[ 417.408 ] cputime=[ 7.426 ] occupancy=[ 1.000 ] 
method=[ _Z8pass_oneiPii ] gputime=[ 14.944 ] cputime=[ 8.463 ] occupancy=[ 1.000 ] 
method=[ _Z8pass_twoiPii ] gputime=[ 30.816 ] cputime=[ 7.344 ] occupancy=[ 1.000 ] 
method=[ _Z8pass_treiPii ] gputime=[ 417.184 ] cputime=[ 7.355 ] occupancy=[ 1.000 ] 
method=[ _Z8pass_oneiPii ] gputime=[ 14.944 ] cputime=[ 7.447 ] occupancy=[ 1.000 ] 
method=[ _Z8pass_twoiPii ] gputime=[ 30.848 ] cputime=[ 7.252 ] occupancy=[ 1.000 ] 
method=[ _Z8pass_treiPii ] gputime=[ 418.848 ] cputime=[ 7.811 ] occupancy=[ 1.000 ] 
method=[ _Z8pass_oneiPii ] gputime=[ 14.944 ] cputime=[ 7.280 ] occupancy=[ 1.000 ] 
method=[ _Z8pass_twoiPii ] gputime=[ 30.784 ] cputime=[ 7.303 ] occupancy=[ 1.000 ] 
method=[ _Z8pass_treiPii ] gputime=[ 418.048 ] cputime=[ 7.836 ] occupancy=[ 1.000 ] 
method=[ _Z8pass_oneiPii ] gputime=[ 14.944 ] cputime=[ 7.370 ] occupancy=[ 1.000 ] 
method=[ _Z8pass_twoiPii ] gputime=[ 30.464 ] cputime=[ 8.191 ] occupancy=[ 1.000 ] 
method=[ _Z8pass_treiPii ] gputime=[ 418.336 ] cputime=[ 7.389 ] occupancy=[ 1.000 ] 
method=[ _Z8pass_oneiPii ] gputime=[ 14.944 ] cputime=[ 7.553 ] occupancy=[ 1.000 ] 
method=[ _Z8pass_twoiPii ] gputime=[ 30.656 ] cputime=[ 7.421 ] occupancy=[ 1.000 ] 
method=[ _Z8pass_treiPii ] gputime=[ 418.400 ] cputime=[ 7.285 ] occupancy=[ 1.000 ] 
method=[ _Z8pass_oneiPii ] gputime=[ 14.944 ] cputime=[ 7.891 ] occupancy=[ 1.000 ] 
method=[ _Z8pass_twoiPii ] gputime=[ 30.656 ] cputime=[ 7.215 ] occupancy=[ 1.000 ] 
method=[ _Z8pass_treiPii ] gputime=[ 419.552 ] cputime=[ 7.140 ] occupancy=[ 1.000 ] 
method=[ _Z8pass_oneiPii ] gputime=[ 14.912 ] cputime=[ 7.226 ] occupancy=[ 1.000 ] 
method=[ _Z8pass_twoiPii ] gputime=[ 30.496 ] cputime=[ 7.885 ] occupancy=[ 1.000 ] 
method=[ _Z8pass_treiPii ] gputime=[ 418.752 ] cputime=[ 7.576 ] occupancy=[ 1.000 ] 
method=[ _Z8pass_oneiPii ] gputime=[ 14.944 ] cputime=[ 8.323 ] occupancy=[ 1.000 ] 
method=[ _Z8pass_twoiPii ] gputime=[ 30.688 ] cputime=[ 7.257 ] occupancy=[ 1.000 ] 
method=[ _Z8pass_treiPii ] gputime=[ 417.696 ] cputime=[ 7.284 ] occupancy=[ 1.000 ] 
method=[ _Z8pass_oneiPii ] gputime=[ 14.912 ] cputime=[ 7.372 ] occupancy=[ 1.000 ] 
method=[ _Z8pass_twoiPii ] gputime=[ 30.464 ] cputime=[ 7.238 ] occupancy=[ 1.000 ] 
method=[ _Z8pass_treiPii ] gputime=[ 418.080 ] cputime=[ 8.171 ] occupancy=[ 1.000 ] 
method=[ _Z8pass_oneiPii ] gputime=[ 14.944 ] cputime=[ 7.171 ] occupancy=[ 1.000 ] 
method=[ _Z8pass_twoiPii ] gputime=[ 30.528 ] cputime=[ 7.209 ] occupancy=[ 1.000 ] 
method=[ _Z8pass_treiPii ] gputime=[ 418.528 ] cputime=[ 7.861 ] occupancy=[ 1.000 ] 
method=[ _Z8pass_oneiPii ] gputime=[ 14.912 ] cputime=[ 7.472 ] occupancy=[ 1.000 ] 
method=[ _Z8pass_twoiPii ] gputime=[ 30.560 ] cputime=[ 8.108 ] occupancy=[ 1.000 ] 
method=[ _Z8pass_treiPii ] gputime=[ 417.856 ] cputime=[ 7.245 ] occupancy=[ 1.000 ] 
method=[ _Z8pass_oneiPii ] gputime=[ 14.976 ] cputime=[ 7.329 ] occupancy=[ 1.000 ] 
method=[ _Z8pass_twoiPii ] gputime=[ 30.752 ] cputime=[ 7.183 ] occupancy=[ 1.000 ] 
method=[ _Z8pass_treiPii ] gputime=[ 417.952 ] cputime=[ 7.200 ] occupancy=[ 1.000 ] 
method=[ _Z8pass_oneiPii ] gputime=[ 14.944 ] cputime=[ 7.636 ] occupancy=[ 1.000 ] 
method=[ _Z8pass_twoiPii ] gputime=[ 30.816 ] cputime=[ 7.178 ] occupancy=[ 1.000 ] 
method=[ _Z8pass_treiPii ] gputime=[ 418.144 ] cputime=[ 7.129 ] occupancy=[ 1.000 ] 
method=[ _Z8pass_oneiPii ] gputime=[ 14.912 ] cputime=[ 7.973 ] occupancy=[ 1.000 ] 
method=[ _Z8pass_twoiPii ] gputime=[ 30.528 ] cputime=[ 7.493 ] occupancy=[ 1.000 ] 
method=[ _Z8pass_treiPii ] gputime=[ 417.856 ] cputime=[ 7.292 ] occupancy=[ 1.000 ] 
method=[ _Z8pass_oneiPii ] gputime=[ 14.976 ] cputime=[ 8.346 ] occupancy=[ 1.000 ] 
method=[ _Z8pass_twoiPii ] gputime=[ 30.368 ] cputime=[ 7.169 ] occupancy=[ 1.000 ] 
method=[ _Z8pass_treiPii ] gputime=[ 418.016 ] cputime=[ 7.277 ] occupancy=[ 1.000 ] 
method=[ _Z8pass_oneiPii ] gputime=[ 14.816 ] cputime=[ 7.464 ] occupancy=[ 1.000 ] 
method=[ _Z8pass_twoiPii ] gputime=[ 30.528 ] cputime=[ 7.252 ] occupancy=[ 1.000 ] 
method=[ _Z8pass_treiPii ] gputime=[ 418.176 ] cputime=[ 7.959 ] occupancy=[ 1.000 ] 
method=[ _Z8pass_oneiPii ] gputime=[ 14.784 ] cputime=[ 7.215 ] occupancy=[ 1.000 ] 
method=[ _Z8pass_twoiPii ] gputime=[ 30.304 ] cputime=[ 8.195 ] occupancy=[ 1.000 ] 
method=[ _Z8pass_treiPii ] gputime=[ 418.144 ] cputime=[ 7.343 ] occupancy=[ 1.000 ] 
method=[ _Z8pass_oneiPii ] gputime=[ 14.816 ] cputime=[ 7.364 ] occupancy=[ 1.000 ] 
method=[ _Z8pass_twoiPii ] gputime=[ 30.336 ] cputime=[ 8.094 ] occupancy=[ 1.000 ] 
method=[ _Z8pass_treiPii ] gputime=[ 418.048 ] cputime=[ 7.332 ] occupancy=[ 1.000 ] 
method=[ _Z8pass_oneiPii ] gputime=[ 14.816 ] cputime=[ 7.289 ] occupancy=[ 1.000 ] 
method=[ _Z8pass_twoiPii ] gputime=[ 30.112 ] cputime=[ 7.375 ] occupancy=[ 1.000 ] 
method=[ _Z8pass_treiPii ] gputime=[ 418.272 ] cputime=[ 7.077 ] occupancy=[ 1.000 ] 
method=[ memcpyDtoH ] gputime=[ 1442.304 ] cputime=[ 15929.030 ] 
